<?xml version="1.0" encoding="UTF-8"?>
<!-- Generated by org.testng.reporters.JUnitXMLReporter -->
<testsuite ignored="0" hostname="DESKTOP-OTOSE76" failures="0" tests="3" name="Default test" time="0.179" errors="0" timestamp="2023-10-17T10:31:50 CEST">
  <testcase classname="maven1package.TestNgClassMaven" name="test2" time="0.014"/>
  <testcase classname="maven1package.TestNgClassMaven" name="test1" time="0.003"/>
  <testcase classname="maven1package.TestNgClassMaven" name="test3" time="0.003"/>
</testsuite> <!-- Default test -->
