<?xml version="1.0" encoding="UTF-8"?>
<testng-results ignored="0" total="3" passed="3" failed="0" skipped="0">
  <reporter-output>
  </reporter-output>
  <suite started-at="2023-10-17T10:31:50 CEST" name="Default suite" finished-at="2023-10-17T10:31:50 CEST" duration-ms="179">
    <groups>
    </groups>
    <test started-at="2023-10-17T10:31:50 CEST" name="Default test" finished-at="2023-10-17T10:31:50 CEST" duration-ms="179">
      <class name="maven1package.TestNgClassMaven">
        <test-method is-config="true" signature="beforeClass()[pri:0, instance:maven1package.TestNgClassMaven@142269f2]" started-at="2023-10-17T10:31:50 CEST" name="beforeClass" finished-at="2023-10-17T10:31:50 CEST" duration-ms="18" status="PASS">
          <reporter-output>
          </reporter-output>
        </test-method> <!-- beforeClass -->
        <test-method is-config="true" signature="beforeMethod()[pri:0, instance:maven1package.TestNgClassMaven@142269f2]" started-at="2023-10-17T10:31:50 CEST" name="beforeMethod" finished-at="2023-10-17T10:31:50 CEST" duration-ms="7" status="PASS">
          <reporter-output>
          </reporter-output>
        </test-method> <!-- beforeMethod -->
        <test-method signature="test2()[pri:-121, instance:maven1package.TestNgClassMaven@142269f2]" started-at="2023-10-17T10:31:50 CEST" name="test2" finished-at="2023-10-17T10:31:50 CEST" duration-ms="14" status="PASS">
          <reporter-output>
          </reporter-output>
        </test-method> <!-- test2 -->
        <test-method is-config="true" signature="afterMethod()[pri:0, instance:maven1package.TestNgClassMaven@142269f2]" started-at="2023-10-17T10:31:50 CEST" name="afterMethod" finished-at="2023-10-17T10:31:50 CEST" duration-ms="2" status="PASS">
          <reporter-output>
          </reporter-output>
        </test-method> <!-- afterMethod -->
        <test-method is-config="true" signature="beforeMethod()[pri:0, instance:maven1package.TestNgClassMaven@142269f2]" started-at="2023-10-17T10:31:50 CEST" name="beforeMethod" finished-at="2023-10-17T10:31:50 CEST" duration-ms="5" status="PASS">
          <reporter-output>
          </reporter-output>
        </test-method> <!-- beforeMethod -->
        <test-method signature="test1()[pri:1, instance:maven1package.TestNgClassMaven@142269f2]" started-at="2023-10-17T10:31:50 CEST" name="test1" finished-at="2023-10-17T10:31:50 CEST" duration-ms="3" status="PASS">
          <reporter-output>
          </reporter-output>
        </test-method> <!-- test1 -->
        <test-method is-config="true" signature="afterMethod()[pri:0, instance:maven1package.TestNgClassMaven@142269f2]" started-at="2023-10-17T10:31:50 CEST" name="afterMethod" finished-at="2023-10-17T10:31:50 CEST" duration-ms="1" status="PASS">
          <reporter-output>
          </reporter-output>
        </test-method> <!-- afterMethod -->
        <test-method is-config="true" signature="beforeMethod()[pri:0, instance:maven1package.TestNgClassMaven@142269f2]" started-at="2023-10-17T10:31:50 CEST" name="beforeMethod" finished-at="2023-10-17T10:31:50 CEST" duration-ms="3" status="PASS">
          <reporter-output>
          </reporter-output>
        </test-method> <!-- beforeMethod -->
        <test-method signature="test3()[pri:30, instance:maven1package.TestNgClassMaven@142269f2]" started-at="2023-10-17T10:31:50 CEST" name="test3" finished-at="2023-10-17T10:31:50 CEST" duration-ms="3" status="PASS">
          <reporter-output>
          </reporter-output>
        </test-method> <!-- test3 -->
        <test-method is-config="true" signature="afterMethod()[pri:0, instance:maven1package.TestNgClassMaven@142269f2]" started-at="2023-10-17T10:31:50 CEST" name="afterMethod" finished-at="2023-10-17T10:31:50 CEST" duration-ms="1" status="PASS">
          <reporter-output>
          </reporter-output>
        </test-method> <!-- afterMethod -->
        <test-method is-config="true" signature="afterClass()[pri:0, instance:maven1package.TestNgClassMaven@142269f2]" started-at="2023-10-17T10:31:50 CEST" name="afterClass" finished-at="2023-10-17T10:31:50 CEST" duration-ms="1" status="PASS">
          <reporter-output>
          </reporter-output>
        </test-method> <!-- afterClass -->
      </class> <!-- maven1package.TestNgClassMaven -->
    </test> <!-- Default test -->
  </suite> <!-- Default suite -->
</testng-results>
